<?xml version="1.0" encoding="UTF-8"?>
<!-- Generated by org.testng.reporters.JUnitXMLReporter -->
<testsuite hostname="DESKTOP-G0D562V" ignored="0" name="Default test" tests="3" failures="0" timestamp="2020-06-01T23:31:34 IST" time="30.961" errors="0">
  <testcase name="myCase" time="2.544" classname="WT_Testcases.WT_RegressionTest"/>
  <testcase name="myCase" time="2.508" classname="WT_Testcases.WT_RegressionTest"/>
  <testcase name="myCase" time="2.597" classname="WT_Testcases.WT_RegressionTest"/>
</testsuite> <!-- Default test -->
