<?xml version="1.0" encoding="UTF-8"?>
<!-- Generated by org.testng.reporters.JUnitXMLReporter -->
<testsuite hostname="APINMUM4TQHH92" name="Smoke Pack" tests="1" failures="0" timestamp="26 Sep 2019 14:35:26 GMT" time="0.041" errors="0">
  <testcase name="@BeforeClass LaunchT2Q" time="0.0" classname="scripts.Dummy.DummyScenarios_Test">
    <failure type="java.lang.NullPointerException">
      <![CDATA[java.lang.NullPointerException
... Removed 18 stack frames]]>
    </failure>
  </testcase> <!-- @BeforeClass LaunchT2Q -->
  <testcase name="TC_AddRAProduct" time="0.012" classname="scripts.Dummy.DummyScenarios_Test">
    <skipped/>
  </testcase> <!-- TC_AddRAProduct -->
</testsuite> <!-- Smoke Pack -->
