<?xml version="1.0" encoding="UTF-8"?>
<!-- Generated by org.testng.reporters.JUnitXMLReporter -->
<testsuite hostname="DESKTOP-G0D562V" ignored="2" name="Test" tests="4" failures="2" timestamp="2020-06-03T14:22:30 IST" time="93.655" errors="0">
  <testcase name="myCase" time="12.916" classname="WT_Testcases.ExtentDemo"/>
  <testcase name="myCase" time="14.539" classname="WT_Testcases.ExtentDemo2">
    <failure type="java.lang.AssertionError" message="Failed with addFailLog method Reservation page checkpoint">
      <![CDATA[java.lang.AssertionError: Failed with addFailLog method Reservation page checkpoint
at Utilities.ElementUtil.addFailLog(ElementUtil.java:386)
at Utilities.ElementUtil.addPassFailonCondition(ElementUtil.java:414)
at WT_Testcases.ExtentDemo2.myCase(ExtentDemo2.java:54)
at java.util.ArrayList.forEach(ArrayList.java:1257)
... Removed 28 stack frames]]>
    </failure>
  </testcase> <!-- myCase -->
  <testcase name="WT_Register" time="0.885" classname="WT_Testcases.WT_RegressionTest">
    <failure type="java.lang.AssertionError" message="Failed with addFailLog method manually added failure">
      <![CDATA[java.lang.AssertionError: Failed with addFailLog method manually added failure
at Utilities.ElementUtil.addFailLog(ElementUtil.java:386)
at WT_Testcases.WT_RegressionTest.WT_Register(WT_RegressionTest.java:71)
at java.util.ArrayList.forEach(ArrayList.java:1257)
... Removed 28 stack frames]]>
    </failure>
  </testcase> <!-- WT_Register -->
  <testcase name="myCase" time="27.162" classname="WT_Testcases.WT_RegressionTest"/>
  <testcase name="@BeforeSuite setExtent" time="0.0" classname="Base.Base">
    <ignored/>
  </testcase> <!-- @BeforeSuite setExtent -->
  <testcase name="@BeforeSuite setExtent" time="0.0" classname="Base.Base">
    <ignored/>
  </testcase> <!-- @BeforeSuite setExtent -->
</testsuite> <!-- Test -->
