<?xml version="1.0" encoding="UTF-8"?>
<testng-results skipped="0" failed="2" ignored="0" total="5" passed="3">
  <reporter-output>
  </reporter-output>
  <suite name="AT_Suite" duration-ms="241851" started-at="2020-06-04T01:33:05 IST" finished-at="2020-06-04T01:37:07 IST">
    <groups>
    </groups>
    <test name="Test" duration-ms="241851" started-at="2020-06-04T01:33:05 IST" finished-at="2020-06-04T01:37:07 IST">
      <class name="AP_TestCases.AP_RegressionTest">
        <test-method status="PASS" signature="setExtent()[pri:0, instance:AP_TestCases.AP_RegressionTest@71318ec4]" name="setExtent" is-config="true" duration-ms="188" started-at="2020-06-04T01:33:05 IST" finished-at="2020-06-04T01:33:05 IST">
          <reporter-output>
          </reporter-output>
        </test-method> <!-- setExtent -->
        <test-method status="PASS" signature="BeforeMethod()[pri:0, instance:AP_TestCases.AP_RegressionTest@71318ec4]" name="BeforeMethod" is-config="true" duration-ms="29629" started-at="2020-06-04T01:33:06 IST" finished-at="2020-06-04T01:33:35 IST">
          <reporter-output>
          </reporter-output>
        </test-method> <!-- BeforeMethod -->
        <test-method status="PASS" signature="AT_01_NewAccount(java.util.LinkedHashMap)[pri:0, instance:AP_TestCases.AP_RegressionTest@71318ec4]" name="AT_01_NewAccount" duration-ms="9523" started-at="2020-06-04T01:33:35 IST" data-provider="userData" finished-at="2020-06-04T01:33:45 IST">
          <params>
            <param index="0">
              <value>
                <![CDATA[{emailaddress=rautsumit@test.com, gender=male, firstname=sumit, lastname=raut, password=pwd}]]>
              </value>
            </param>
          </params>
          <reporter-output>
          </reporter-output>
        </test-method> <!-- AT_01_NewAccount -->
        <test-method status="PASS" signature="afterMethod(org.testng.ITestResult)[pri:0, instance:AP_TestCases.AP_RegressionTest@71318ec4]" name="afterMethod" is-config="true" duration-ms="1363" started-at="2020-06-04T01:33:45 IST" finished-at="2020-06-04T01:33:46 IST">
          <params>
            <param index="0">
              <value>
                <![CDATA[[TestResult name=AT_01_NewAccount status=SUCCESS method=AP_RegressionTest.AT_01_NewAccount(java.util.LinkedHashMap)[pri:0, instance:AP_TestCases.AP_RegressionTest@71318ec4] output={null}]]]>
              </value>
            </param>
          </params>
          <reporter-output>
          </reporter-output>
        </test-method> <!-- afterMethod -->
        <test-method status="PASS" signature="BeforeMethod()[pri:0, instance:AP_TestCases.AP_RegressionTest@71318ec4]" name="BeforeMethod" is-config="true" duration-ms="31562" started-at="2020-06-04T01:33:46 IST" finished-at="2020-06-04T01:34:18 IST">
          <reporter-output>
          </reporter-output>
        </test-method> <!-- BeforeMethod -->
        <test-method status="PASS" signature="AT_01_NewAccount(java.util.LinkedHashMap)[pri:0, instance:AP_TestCases.AP_RegressionTest@71318ec4]" name="AT_01_NewAccount" duration-ms="10982" started-at="2020-06-04T01:34:18 IST" data-provider="userData" finished-at="2020-06-04T01:34:29 IST">
          <params>
            <param index="0">
              <value>
                <![CDATA[{emailaddress=rautsumit@test.com, gender=fake, firstname=sumit, lastname=raut, password=pwd}]]>
              </value>
            </param>
          </params>
          <reporter-output>
          </reporter-output>
        </test-method> <!-- AT_01_NewAccount -->
        <test-method status="PASS" signature="afterMethod(org.testng.ITestResult)[pri:0, instance:AP_TestCases.AP_RegressionTest@71318ec4]" name="afterMethod" is-config="true" duration-ms="844" started-at="2020-06-04T01:34:29 IST" finished-at="2020-06-04T01:34:30 IST">
          <params>
            <param index="0">
              <value>
                <![CDATA[[TestResult name=AT_01_NewAccount status=SUCCESS method=AP_RegressionTest.AT_01_NewAccount(java.util.LinkedHashMap)[pri:0, instance:AP_TestCases.AP_RegressionTest@71318ec4] output={null}]]]>
              </value>
            </param>
          </params>
          <reporter-output>
          </reporter-output>
        </test-method> <!-- afterMethod -->
        <test-method status="PASS" signature="BeforeMethod()[pri:0, instance:AP_TestCases.AP_RegressionTest@71318ec4]" name="BeforeMethod" is-config="true" duration-ms="29373" started-at="2020-06-04T01:34:30 IST" finished-at="2020-06-04T01:34:59 IST">
          <reporter-output>
          </reporter-output>
        </test-method> <!-- BeforeMethod -->
        <test-method status="FAIL" signature="AT_01_NewAccount(java.util.LinkedHashMap)[pri:0, instance:AP_TestCases.AP_RegressionTest@71318ec4]" name="AT_01_NewAccount" duration-ms="27854" started-at="2020-06-04T01:34:59 IST" data-provider="userData" finished-at="2020-06-04T01:35:27 IST">
          <params>
            <param index="0">
              <value>
                <![CDATA[{emailaddress=s@s.com, gender=male, firstname=sumit, lastname=raut, password=pwd}]]>
              </value>
            </param>
          </params>
          <exception class="org.openqa.selenium.TimeoutException">
            <message>
              <![CDATA[Expected condition failed: waiting for visibility of element located by By.xpath: //*[contains(text(),'Your personal information')] (tried for 20 second(s) with 500 milliseconds interval)]]>
            </message>
            <full-stacktrace>
              <![CDATA[org.openqa.selenium.TimeoutException: Expected condition failed: waiting for visibility of element located by By.xpath: //*[contains(text(),'Your personal information')] (tried for 20 second(s) with 500 milliseconds interval)
at org.openqa.selenium.support.ui.WebDriverWait.timeoutException(WebDriverWait.java:95)
at org.openqa.selenium.support.ui.FluentWait.until(FluentWait.java:272)
at Utilities.ElementUtil.waitForElementVisibilityByLocator(ElementUtil.java:70)
at AP_Pages.AP_AccountCreation.verifyAP_AccountCreation_Visible(AP_AccountCreation.java:25)
at AP_TestCases.AP_RegressionTest.AT_01_NewAccount(AP_RegressionTest.java:54)
at sun.reflect.NativeMethodAccessorImpl.invoke0(Native Method)
at sun.reflect.NativeMethodAccessorImpl.invoke(NativeMethodAccessorImpl.java:62)
at sun.reflect.DelegatingMethodAccessorImpl.invoke(DelegatingMethodAccessorImpl.java:43)
at java.lang.reflect.Method.invoke(Method.java:498)
at org.testng.internal.MethodInvocationHelper.invokeMethod(MethodInvocationHelper.java:134)
at org.testng.internal.TestInvoker.invokeMethod(TestInvoker.java:597)
at org.testng.internal.TestInvoker.invokeTestMethod(TestInvoker.java:173)
at org.testng.internal.MethodRunner.runInSequence(MethodRunner.java:46)
at org.testng.internal.TestInvoker$MethodInvocationAgent.invoke(TestInvoker.java:816)
at org.testng.internal.TestInvoker.invokeTestMethods(TestInvoker.java:146)
at org.testng.internal.TestMethodWorker.invokeTestMethods(TestMethodWorker.java:146)
at org.testng.internal.TestMethodWorker.run(TestMethodWorker.java:128)
at java.util.ArrayList.forEach(ArrayList.java:1257)
at org.testng.TestRunner.privateRun(TestRunner.java:766)
at org.testng.TestRunner.run(TestRunner.java:587)
at org.testng.SuiteRunner.runTest(SuiteRunner.java:384)
at org.testng.SuiteRunner.runSequentially(SuiteRunner.java:378)
at org.testng.SuiteRunner.privateRun(SuiteRunner.java:337)
at org.testng.SuiteRunner.run(SuiteRunner.java:286)
at org.testng.SuiteRunnerWorker.runSuite(SuiteRunnerWorker.java:53)
at org.testng.SuiteRunnerWorker.run(SuiteRunnerWorker.java:96)
at org.testng.TestNG.runSuitesSequentially(TestNG.java:1187)
at org.testng.TestNG.runSuitesLocally(TestNG.java:1109)
at org.testng.TestNG.runSuites(TestNG.java:1039)
at org.testng.TestNG.run(TestNG.java:1007)
at org.apache.maven.surefire.testng.TestNGExecutor.run(TestNGExecutor.java:283)
at org.apache.maven.surefire.testng.TestNGXmlTestSuite.execute(TestNGXmlTestSuite.java:75)
at org.apache.maven.surefire.testng.TestNGProvider.invoke(TestNGProvider.java:120)
at org.apache.maven.surefire.booter.ForkedBooter.invokeProviderInSameClassLoader(ForkedBooter.java:379)
at org.apache.maven.surefire.booter.ForkedBooter.runSuitesInProcess(ForkedBooter.java:340)
at org.apache.maven.surefire.booter.ForkedBooter.execute(ForkedBooter.java:125)
at org.apache.maven.surefire.booter.ForkedBooter.main(ForkedBooter.java:413)
Caused by: org.openqa.selenium.NoSuchElementException: no such element: Unable to locate element: {"method":"xpath","selector":"//*[contains(text(),'Your personal information')]"}
  (Session info: chrome=83.0.4103.61)
For documentation on this error, please visit: https://www.seleniumhq.org/exceptions/no_such_element.html
Build info: version: '3.141.59', revision: 'e82be7d358', time: '2018-11-14T08:17:03'
System info: host: 'DESKTOP-G0D562V', ip: '192.168.0.8', os.name: 'Windows 10', os.arch: 'amd64', os.version: '10.0', java.version: '1.8.0_211'
Driver info: org.openqa.selenium.chrome.ChromeDriver
Capabilities {acceptInsecureCerts: false, browserName: chrome, browserVersion: 83.0.4103.61, chrome: {chromedriverVersion: 83.0.4103.39 (ccbf011cb2d2b..., userDataDir: C:\Users\sunshine\AppData\L...}, goog:chromeOptions: {debuggerAddress: localhost:65016}, javascriptEnabled: true, networkConnectionEnabled: false, pageLoadStrategy: normal, platform: WINDOWS, platformName: WINDOWS, proxy: Proxy(), setWindowRect: true, strictFileInteractability: false, timeouts: {implicit: 0, pageLoad: 300000, script: 30000}, unhandledPromptBehavior: dismiss and notify, webauthn:virtualAuthenticators: true}
Session ID: b715130e3ddbf46c8fa220861a38c0ee
*** Element info: {Using=xpath, value=//*[contains(text(),'Your personal information')]}
at sun.reflect.NativeConstructorAccessorImpl.newInstance0(Native Method)
at sun.reflect.NativeConstructorAccessorImpl.newInstance(NativeConstructorAccessorImpl.java:62)
at sun.reflect.DelegatingConstructorAccessorImpl.newInstance(DelegatingConstructorAccessorImpl.java:45)
at java.lang.reflect.Constructor.newInstance(Constructor.java:423)
at org.openqa.selenium.remote.http.W3CHttpResponseCodec.createException(W3CHttpResponseCodec.java:187)
at org.openqa.selenium.remote.http.W3CHttpResponseCodec.decode(W3CHttpResponseCodec.java:122)
at org.openqa.selenium.remote.http.W3CHttpResponseCodec.decode(W3CHttpResponseCodec.java:49)
at org.openqa.selenium.remote.HttpCommandExecutor.execute(HttpCommandExecutor.java:158)
at org.openqa.selenium.remote.service.DriverCommandExecutor.execute(DriverCommandExecutor.java:83)
at org.openqa.selenium.remote.RemoteWebDriver.execute(RemoteWebDriver.java:552)
at org.openqa.selenium.remote.RemoteWebDriver.findElement(RemoteWebDriver.java:323)
at org.openqa.selenium.remote.RemoteWebDriver.findElementByXPath(RemoteWebDriver.java:428)
at org.openqa.selenium.By$ByXPath.findElement(By.java:353)
at org.openqa.selenium.remote.RemoteWebDriver.findElement(RemoteWebDriver.java:315)
at org.openqa.selenium.support.ui.ExpectedConditions$7.apply(ExpectedConditions.java:205)
at org.openqa.selenium.support.ui.ExpectedConditions$7.apply(ExpectedConditions.java:201)
at org.openqa.selenium.support.ui.FluentWait.until(FluentWait.java:249)
... 35 more
]]>
            </full-stacktrace>
          </exception> <!-- org.openqa.selenium.TimeoutException -->
          <reporter-output>
          </reporter-output>
        </test-method> <!-- AT_01_NewAccount -->
        <test-method status="PASS" signature="afterMethod(org.testng.ITestResult)[pri:0, instance:AP_TestCases.AP_RegressionTest@71318ec4]" name="afterMethod" is-config="true" duration-ms="1366" started-at="2020-06-04T01:35:27 IST" finished-at="2020-06-04T01:35:28 IST">
          <params>
            <param index="0">
              <value>
                <![CDATA[[TestResult name=AT_01_NewAccount status=FAILURE method=AP_RegressionTest.AT_01_NewAccount(java.util.LinkedHashMap)[pri:0, instance:AP_TestCases.AP_RegressionTest@71318ec4] output={null}]]]>
              </value>
            </param>
          </params>
          <reporter-output>
          </reporter-output>
        </test-method> <!-- afterMethod -->
        <test-method status="PASS" signature="BeforeMethod()[pri:0, instance:AP_TestCases.AP_RegressionTest@71318ec4]" name="BeforeMethod" is-config="true" duration-ms="28410" started-at="2020-06-04T01:35:28 IST" finished-at="2020-06-04T01:35:57 IST">
          <reporter-output>
          </reporter-output>
        </test-method> <!-- BeforeMethod -->
        <test-method status="FAIL" signature="AT_01_NewAccount(java.util.LinkedHashMap)[pri:0, instance:AP_TestCases.AP_RegressionTest@71318ec4]" name="AT_01_NewAccount" duration-ms="27210" started-at="2020-06-04T01:35:57 IST" data-provider="userData" finished-at="2020-06-04T01:36:24 IST">
          <params>
            <param index="0">
              <value>
                <![CDATA[{emailaddress=s@s.com, gender=male, firstname=sumit, lastname=raut, password=pwd}]]>
              </value>
            </param>
          </params>
          <exception class="org.openqa.selenium.TimeoutException">
            <message>
              <![CDATA[Expected condition failed: waiting for visibility of element located by By.xpath: //*[contains(text(),'Your personal information')] (tried for 20 second(s) with 500 milliseconds interval)]]>
            </message>
            <full-stacktrace>
              <![CDATA[org.openqa.selenium.TimeoutException: Expected condition failed: waiting for visibility of element located by By.xpath: //*[contains(text(),'Your personal information')] (tried for 20 second(s) with 500 milliseconds interval)
at org.openqa.selenium.support.ui.WebDriverWait.timeoutException(WebDriverWait.java:95)
at org.openqa.selenium.support.ui.FluentWait.until(FluentWait.java:272)
at Utilities.ElementUtil.waitForElementVisibilityByLocator(ElementUtil.java:70)
at AP_Pages.AP_AccountCreation.verifyAP_AccountCreation_Visible(AP_AccountCreation.java:25)
at AP_TestCases.AP_RegressionTest.AT_01_NewAccount(AP_RegressionTest.java:54)
at sun.reflect.NativeMethodAccessorImpl.invoke0(Native Method)
at sun.reflect.NativeMethodAccessorImpl.invoke(NativeMethodAccessorImpl.java:62)
at sun.reflect.DelegatingMethodAccessorImpl.invoke(DelegatingMethodAccessorImpl.java:43)
at java.lang.reflect.Method.invoke(Method.java:498)
at org.testng.internal.MethodInvocationHelper.invokeMethod(MethodInvocationHelper.java:134)
at org.testng.internal.TestInvoker.invokeMethod(TestInvoker.java:597)
at org.testng.internal.TestInvoker.invokeTestMethod(TestInvoker.java:173)
at org.testng.internal.MethodRunner.runInSequence(MethodRunner.java:46)
at org.testng.internal.TestInvoker$MethodInvocationAgent.invoke(TestInvoker.java:816)
at org.testng.internal.TestInvoker.invokeTestMethods(TestInvoker.java:146)
at org.testng.internal.TestMethodWorker.invokeTestMethods(TestMethodWorker.java:146)
at org.testng.internal.TestMethodWorker.run(TestMethodWorker.java:128)
at java.util.ArrayList.forEach(ArrayList.java:1257)
at org.testng.TestRunner.privateRun(TestRunner.java:766)
at org.testng.TestRunner.run(TestRunner.java:587)
at org.testng.SuiteRunner.runTest(SuiteRunner.java:384)
at org.testng.SuiteRunner.runSequentially(SuiteRunner.java:378)
at org.testng.SuiteRunner.privateRun(SuiteRunner.java:337)
at org.testng.SuiteRunner.run(SuiteRunner.java:286)
at org.testng.SuiteRunnerWorker.runSuite(SuiteRunnerWorker.java:53)
at org.testng.SuiteRunnerWorker.run(SuiteRunnerWorker.java:96)
at org.testng.TestNG.runSuitesSequentially(TestNG.java:1187)
at org.testng.TestNG.runSuitesLocally(TestNG.java:1109)
at org.testng.TestNG.runSuites(TestNG.java:1039)
at org.testng.TestNG.run(TestNG.java:1007)
at org.apache.maven.surefire.testng.TestNGExecutor.run(TestNGExecutor.java:283)
at org.apache.maven.surefire.testng.TestNGXmlTestSuite.execute(TestNGXmlTestSuite.java:75)
at org.apache.maven.surefire.testng.TestNGProvider.invoke(TestNGProvider.java:120)
at org.apache.maven.surefire.booter.ForkedBooter.invokeProviderInSameClassLoader(ForkedBooter.java:379)
at org.apache.maven.surefire.booter.ForkedBooter.runSuitesInProcess(ForkedBooter.java:340)
at org.apache.maven.surefire.booter.ForkedBooter.execute(ForkedBooter.java:125)
at org.apache.maven.surefire.booter.ForkedBooter.main(ForkedBooter.java:413)
Caused by: org.openqa.selenium.NoSuchElementException: no such element: Unable to locate element: {"method":"xpath","selector":"//*[contains(text(),'Your personal information')]"}
  (Session info: chrome=83.0.4103.61)
For documentation on this error, please visit: https://www.seleniumhq.org/exceptions/no_such_element.html
Build info: version: '3.141.59', revision: 'e82be7d358', time: '2018-11-14T08:17:03'
System info: host: 'DESKTOP-G0D562V', ip: '192.168.0.8', os.name: 'Windows 10', os.arch: 'amd64', os.version: '10.0', java.version: '1.8.0_211'
Driver info: org.openqa.selenium.chrome.ChromeDriver
Capabilities {acceptInsecureCerts: false, browserName: chrome, browserVersion: 83.0.4103.61, chrome: {chromedriverVersion: 83.0.4103.39 (ccbf011cb2d2b..., userDataDir: C:\Users\sunshine\AppData\L...}, goog:chromeOptions: {debuggerAddress: localhost:65096}, javascriptEnabled: true, networkConnectionEnabled: false, pageLoadStrategy: normal, platform: WINDOWS, platformName: WINDOWS, proxy: Proxy(), setWindowRect: true, strictFileInteractability: false, timeouts: {implicit: 0, pageLoad: 300000, script: 30000}, unhandledPromptBehavior: dismiss and notify, webauthn:virtualAuthenticators: true}
Session ID: 4d72a4a102c273307676267fd4b3c0fa
*** Element info: {Using=xpath, value=//*[contains(text(),'Your personal information')]}
at sun.reflect.NativeConstructorAccessorImpl.newInstance0(Native Method)
at sun.reflect.NativeConstructorAccessorImpl.newInstance(NativeConstructorAccessorImpl.java:62)
at sun.reflect.DelegatingConstructorAccessorImpl.newInstance(DelegatingConstructorAccessorImpl.java:45)
at java.lang.reflect.Constructor.newInstance(Constructor.java:423)
at org.openqa.selenium.remote.http.W3CHttpResponseCodec.createException(W3CHttpResponseCodec.java:187)
at org.openqa.selenium.remote.http.W3CHttpResponseCodec.decode(W3CHttpResponseCodec.java:122)
at org.openqa.selenium.remote.http.W3CHttpResponseCodec.decode(W3CHttpResponseCodec.java:49)
at org.openqa.selenium.remote.HttpCommandExecutor.execute(HttpCommandExecutor.java:158)
at org.openqa.selenium.remote.service.DriverCommandExecutor.execute(DriverCommandExecutor.java:83)
at org.openqa.selenium.remote.RemoteWebDriver.execute(RemoteWebDriver.java:552)
at org.openqa.selenium.remote.RemoteWebDriver.findElement(RemoteWebDriver.java:323)
at org.openqa.selenium.remote.RemoteWebDriver.findElementByXPath(RemoteWebDriver.java:428)
at org.openqa.selenium.By$ByXPath.findElement(By.java:353)
at org.openqa.selenium.remote.RemoteWebDriver.findElement(RemoteWebDriver.java:315)
at org.openqa.selenium.support.ui.ExpectedConditions$7.apply(ExpectedConditions.java:205)
at org.openqa.selenium.support.ui.ExpectedConditions$7.apply(ExpectedConditions.java:201)
at org.openqa.selenium.support.ui.FluentWait.until(FluentWait.java:249)
... 35 more
]]>
            </full-stacktrace>
          </exception> <!-- org.openqa.selenium.TimeoutException -->
          <reporter-output>
          </reporter-output>
        </test-method> <!-- AT_01_NewAccount -->
        <test-method status="PASS" signature="afterMethod(org.testng.ITestResult)[pri:0, instance:AP_TestCases.AP_RegressionTest@71318ec4]" name="afterMethod" is-config="true" duration-ms="1297" started-at="2020-06-04T01:36:24 IST" finished-at="2020-06-04T01:36:25 IST">
          <params>
            <param index="0">
              <value>
                <![CDATA[[TestResult name=AT_01_NewAccount status=FAILURE method=AP_RegressionTest.AT_01_NewAccount(java.util.LinkedHashMap)[pri:0, instance:AP_TestCases.AP_RegressionTest@71318ec4] output={null}]]]>
              </value>
            </param>
          </params>
          <reporter-output>
          </reporter-output>
        </test-method> <!-- afterMethod -->
        <test-method status="PASS" signature="BeforeMethod()[pri:0, instance:AP_TestCases.AP_RegressionTest@71318ec4]" name="BeforeMethod" is-config="true" duration-ms="29499" started-at="2020-06-04T01:36:25 IST" finished-at="2020-06-04T01:36:55 IST">
          <reporter-output>
          </reporter-output>
        </test-method> <!-- BeforeMethod -->
        <test-method status="PASS" signature="AT_01_NewAccount(java.util.LinkedHashMap)[pri:0, instance:AP_TestCases.AP_RegressionTest@71318ec4]" name="AT_01_NewAccount" duration-ms="10960" started-at="2020-06-04T01:36:55 IST" data-provider="userData" finished-at="2020-06-04T01:37:06 IST">
          <params>
            <param index="0">
              <value>
                <![CDATA[{emailaddress=rautsumit@test.com, gender=male, firstname=sumit, lastname=raut, password=pwd}]]>
              </value>
            </param>
          </params>
          <reporter-output>
          </reporter-output>
        </test-method> <!-- AT_01_NewAccount -->
        <test-method status="PASS" signature="afterMethod(org.testng.ITestResult)[pri:0, instance:AP_TestCases.AP_RegressionTest@71318ec4]" name="afterMethod" is-config="true" duration-ms="960" started-at="2020-06-04T01:37:06 IST" finished-at="2020-06-04T01:37:07 IST">
          <params>
            <param index="0">
              <value>
                <![CDATA[[TestResult name=AT_01_NewAccount status=SUCCESS method=AP_RegressionTest.AT_01_NewAccount(java.util.LinkedHashMap)[pri:0, instance:AP_TestCases.AP_RegressionTest@71318ec4] output={null}]]]>
              </value>
            </param>
          </params>
          <reporter-output>
          </reporter-output>
        </test-method> <!-- afterMethod -->
      </class> <!-- AP_TestCases.AP_RegressionTest -->
    </test> <!-- Test -->
  </suite> <!-- AT_Suite -->
</testng-results>
