<?xml version="1.0" encoding="UTF-8"?>
<testsuite xmlns:xsi="http://www.w3.org/2001/XMLSchema-instance" xsi:noNamespaceSchemaLocation="https://maven.apache.org/surefire/maven-surefire-plugin/xsd/surefire-test-report.xsd" name="TestSuite" time="532.278" tests="9" errors="0" skipped="0" failures="6">
  <properties>
[...]
</properties>
  <testcase name="AT_01_NewAccount" classname="AP_TestCases.AP_RegressionTest" time="9.964"/>
  <testcase name="AT_01_NewAccount" classname="AP_TestCases.AP_RegressionTest" time="9.22"/>
  <testcase name="AT_01_NewAccount" classname="AP_TestCases.AP_RegressionTest" time="26.895">
    <failure message="Expected condition failed: waiting for visibility of element located by By.xpath: //*[contains(text(),&apos;Your personal information&apos;)] (tried for 20 second(s) with 500 milliseconds interval)" type="org.openqa.selenium.TimeoutException">org.openqa.selenium.TimeoutException: Expected condition failed: waiting for visibility of element located by By.xpath: //*[contains(text(),'Your personal information')] (tried for 20 second(s) with 500 milliseconds interval)
	at AP_TestCases.AP_RegressionTest.AT_01_NewAccount(AP_RegressionTest.java:54)
Caused by: org.openqa.selenium.NoSuchElementException: 
no such element: Unable to locate element: {"method":"xpath","selector":"//*[contains(text(),'Your personal information')]"}
  (Session info: chrome=83.0.4103.61)
For documentation on this error, please visit: https://www.seleniumhq.org/exceptions/no_such_element.html
Build info: version: '3.141.59', revision: 'e82be7d358', time: '2018-11-14T08:17:03'
System info: host: 'DESKTOP-G0D562V', ip: '192.168.0.8', os.name: 'Windows 10', os.arch: 'amd64', os.version: '10.0', java.version: '1.8.0_211'
Driver info: org.openqa.selenium.chrome.ChromeDriver
Capabilities {acceptInsecureCerts: false, browserName: chrome, browserVersion: 83.0.4103.61, chrome: {chromedriverVersion: 83.0.4103.39 (ccbf011cb2d2b..., userDataDir: C:\Users\sunshine\AppData\L...}, goog:chromeOptions: {debuggerAddress: localhost:59851}, javascriptEnabled: true, networkConnectionEnabled: false, pageLoadStrategy: normal, platform: WINDOWS, platformName: WINDOWS, proxy: Proxy(), setWindowRect: true, strictFileInteractability: false, timeouts: {implicit: 0, pageLoad: 300000, script: 30000}, unhandledPromptBehavior: dismiss and notify, webauthn:virtualAuthenticators: true}
Session ID: 9d0196e3b46447f913010661fb76cdf6
*** Element info: {Using=xpath, value=//*[contains(text(),'Your personal information')]}
	at AP_TestCases.AP_RegressionTest.AT_01_NewAccount(AP_RegressionTest.java:54)
</failure>
    <system-out><![CDATA[Inside aftermethod
Inside aftermethod
Teardown Performed
Initilization Code Executed
***Launch Application*****
Screenshot Path ISSSSSSS: H:\ProMSAutomation\reports\ExtentScreenshots\Register Page checkpoint04-6-2020 01_09_33.png
]]></system-out>
    <system-err><![CDATA[Starting ChromeDriver 83.0.4103.39 (ccbf011cb2d2b19b506d844400483861342c20cd-refs/branch-heads/4103@{#416}) on port 37459
Only local connections are allowed.
Please see https://chromedriver.chromium.org/security-considerations for suggestions on keeping ChromeDriver safe.
ChromeDriver was started successfully.
Jun 04, 2020 1:08:59 AM org.openqa.selenium.remote.ProtocolHandshake createSession
INFO: Detected dialect: W3C
]]></system-err>
  </testcase>
  <testcase name="AT_01_NewAccount" classname="AP_TestCases.AP_RegressionTest" time="26.947">
    <failure message="Expected condition failed: waiting for visibility of element located by By.xpath: //*[contains(text(),&apos;Your personal information&apos;)] (tried for 20 second(s) with 500 milliseconds interval)" type="org.openqa.selenium.TimeoutException">org.openqa.selenium.TimeoutException: Expected condition failed: waiting for visibility of element located by By.xpath: //*[contains(text(),'Your personal information')] (tried for 20 second(s) with 500 milliseconds interval)
	at AP_TestCases.AP_RegressionTest.AT_01_NewAccount(AP_RegressionTest.java:54)
Caused by: org.openqa.selenium.NoSuchElementException: 
no such element: Unable to locate element: {"method":"xpath","selector":"//*[contains(text(),'Your personal information')]"}
  (Session info: chrome=83.0.4103.61)
For documentation on this error, please visit: https://www.seleniumhq.org/exceptions/no_such_element.html
Build info: version: '3.141.59', revision: 'e82be7d358', time: '2018-11-14T08:17:03'
System info: host: 'DESKTOP-G0D562V', ip: '192.168.0.8', os.name: 'Windows 10', os.arch: 'amd64', os.version: '10.0', java.version: '1.8.0_211'
Driver info: org.openqa.selenium.chrome.ChromeDriver
Capabilities {acceptInsecureCerts: false, browserName: chrome, browserVersion: 83.0.4103.61, chrome: {chromedriverVersion: 83.0.4103.39 (ccbf011cb2d2b..., userDataDir: C:\Users\sunshine\AppData\L...}, goog:chromeOptions: {debuggerAddress: localhost:59933}, javascriptEnabled: true, networkConnectionEnabled: false, pageLoadStrategy: normal, platform: WINDOWS, platformName: WINDOWS, proxy: Proxy(), setWindowRect: true, strictFileInteractability: false, timeouts: {implicit: 0, pageLoad: 300000, script: 30000}, unhandledPromptBehavior: dismiss and notify, webauthn:virtualAuthenticators: true}
Session ID: 5ae29ba90b2c0baf259e5055beb1afc3
*** Element info: {Using=xpath, value=//*[contains(text(),'Your personal information')]}
	at AP_TestCases.AP_RegressionTest.AT_01_NewAccount(AP_RegressionTest.java:54)
</failure>
    <system-out><![CDATA[Inside aftermethod
Inside aftermethod
Screenshot Path ISSSSSSS: H:\ProMSAutomation\reports\ExtentScreenshots\Test Failed04-6-2020 01_09_55.png
Teardown Performed
Initilization Code Executed
***Launch Application*****
Screenshot Path ISSSSSSS: H:\ProMSAutomation\reports\ExtentScreenshots\Register Page checkpoint04-6-2020 01_10_28.png
]]></system-out>
    <system-err><![CDATA[Starting ChromeDriver 83.0.4103.39 (ccbf011cb2d2b19b506d844400483861342c20cd-refs/branch-heads/4103@{#416}) on port 13092
Only local connections are allowed.
Please see https://chromedriver.chromium.org/security-considerations for suggestions on keeping ChromeDriver safe.
ChromeDriver was started successfully.
Jun 04, 2020 1:09:59 AM org.openqa.selenium.remote.ProtocolHandshake createSession
INFO: Detected dialect: W3C
]]></system-err>
  </testcase>
  <testcase name="AT_01_NewAccount" classname="AP_TestCases.AP_RegressionTest" time="10.063"/>
  <testcase name="myCase" classname="WT_Testcases.ExtentDemo" time="41.28">
    <failure message="Failed with addFailLog method rautsumitcould not be entered in inutbox" type="java.lang.AssertionError">java.lang.AssertionError: Failed with addFailLog method rautsumitcould not be entered in inutbox
	at WT_Testcases.ExtentDemo.myCase(ExtentDemo.java:46)
</failure>
    <system-out><![CDATA[Inside aftermethod
Inside aftermethod
Teardown Performed
strCellVal : Variable
strCellVal : Value
strCellVal : ApplicationName
strCellVal : WebTours
strCellVal : ApplicationEnvironment
strCellVal : UAT
strCellVal : SendTo
strCellVal : sshetty9@ra.rockwell.com
strCellVal : SendCC
strCellVal : 
strCellVal : Sprint
strCellVal : 0.0
strCellVal : LaunchReport
strCellVal : Yes
test case name is myCase
rowCount is 31
strCellVal : Prerequisite - Date Format - DD/MM/YYYY
tstName: Prerequisite - Date Format - DD/MM/YYYY0
strCellVal : AT_01_NewAccount
tstName: AT_01_NewAccount1
strCellVal : 
tstName: 2
strCellVal : 
tstName: 3
strCellVal : 
tstName: 4
strCellVal : 
tstName: 5
strCellVal : 
tstName: 6
strCellVal : 
tstName: 7
strCellVal : 
tstName: 8
strCellVal : 
tstName: 9
strCellVal : 
tstName: 10
strCellVal : 
tstName: 11
strCellVal : myCase
tstName: myCase12
strCellVal : 
strCellVal : 
strCellVal : 
strCellVal : 
strCellVal : 
strCellVal : 
strCellVal : myCase2
getDataRowCount returns6
strCellVal : 1.0
strCellVal : 1.0
strCellVal : myCase
strCellVal : myCase
strCellVal : Execute
strCellVal : Execute
strCellVal : username
strCellVal : username
strCellVal : username
strCellVal : password
strCellVal : password
strCellVal : password
strCellVal : 
strCellVal : 
getColCountForRow returns5
strCellVal : yes
strCellVal : rautsumit
strCellVal : rautsumit
strCellVal : 
strCellVal : 
strCellVal : 
strCellVal : no
strCellVal : rautsumit2
strCellVal : rautsumit
strCellVal : 
strCellVal : 
strCellVal : 
strCellVal : no
strCellVal : rautsumit
strCellVal : rautsumit
strCellVal : 
strCellVal : 
strCellVal : 
strCellVal : yes
strCellVal : yes
excelData[0][0]=yes
strCellVal : rautsumit
strCellVal : 
excelData[0][1]=rautsumit
strCellVal : rautsumit
strCellVal : 
excelData[0][2]=rautsumit
strCellVal : 
strCellVal : no
strCellVal : 
strCellVal : no
strCellVal : 
demo line
demo line2
Initilization Code Executed
***Launch Application*****
{username=rautsumit, password=rautsumit}
el value is Utilities.ElementUtil@4d18b73a
Screenshot Path ISSSSSSS: H:\ProMSAutomation\reports\ExtentScreenshots\rautsumitcould not be entered in inutbox04-6-2020 01_12_42.png
]]></system-out>
    <system-err><![CDATA[Starting ChromeDriver 83.0.4103.39 (ccbf011cb2d2b19b506d844400483861342c20cd-refs/branch-heads/4103@{#416}) on port 16097
Only local connections are allowed.
Please see https://chromedriver.chromium.org/security-considerations for suggestions on keeping ChromeDriver safe.
ChromeDriver was started successfully.
Jun 04, 2020 1:11:36 AM org.openqa.selenium.remote.ProtocolHandshake createSession
INFO: Detected dialect: W3C
]]></system-err>
  </testcase>
  <testcase name="myCase" classname="WT_Testcases.ExtentDemo2" time="41.261">
    <failure message="Failed with addFailLog method rautsumitcould not be entered in inutbox" type="java.lang.AssertionError">java.lang.AssertionError: Failed with addFailLog method rautsumitcould not be entered in inutbox
	at WT_Testcases.ExtentDemo2.myCase(ExtentDemo2.java:51)
</failure>
    <system-out><![CDATA[Inside aftermethod
Inside aftermethod
Screenshot Path ISSSSSSS: H:\ProMSAutomation\reports\ExtentScreenshots\Test Failed04-6-2020 01_12_42.png
Teardown Performed
strCellVal : Variable
strCellVal : Value
strCellVal : ApplicationName
strCellVal : WebTours
strCellVal : ApplicationEnvironment
strCellVal : UAT
strCellVal : SendTo
strCellVal : sshetty9@ra.rockwell.com
strCellVal : SendCC
strCellVal : 
strCellVal : Sprint
strCellVal : 0.0
strCellVal : LaunchReport
strCellVal : Yes
test case name is myCase
rowCount is 31
strCellVal : Prerequisite - Date Format - DD/MM/YYYY
tstName: Prerequisite - Date Format - DD/MM/YYYY0
strCellVal : AT_01_NewAccount
tstName: AT_01_NewAccount1
strCellVal : 
tstName: 2
strCellVal : 
tstName: 3
strCellVal : 
tstName: 4
strCellVal : 
tstName: 5
strCellVal : 
tstName: 6
strCellVal : 
tstName: 7
strCellVal : 
tstName: 8
strCellVal : 
tstName: 9
strCellVal : 
tstName: 10
strCellVal : 
tstName: 11
strCellVal : myCase
tstName: myCase12
strCellVal : 
strCellVal : 
strCellVal : 
strCellVal : 
strCellVal : 
strCellVal : 
strCellVal : myCase2
getDataRowCount returns6
strCellVal : 1.0
strCellVal : 1.0
strCellVal : myCase
strCellVal : myCase
strCellVal : Execute
strCellVal : Execute
strCellVal : username
strCellVal : username
strCellVal : username
strCellVal : password
strCellVal : password
strCellVal : password
strCellVal : 
strCellVal : 
getColCountForRow returns5
strCellVal : yes
strCellVal : rautsumit
strCellVal : rautsumit
strCellVal : 
strCellVal : 
strCellVal : 
strCellVal : no
strCellVal : rautsumit2
strCellVal : rautsumit
strCellVal : 
strCellVal : 
strCellVal : 
strCellVal : no
strCellVal : rautsumit
strCellVal : rautsumit
strCellVal : 
strCellVal : 
strCellVal : 
strCellVal : yes
strCellVal : yes
excelData[0][0]=yes
strCellVal : rautsumit
strCellVal : 
excelData[0][1]=rautsumit
strCellVal : rautsumit
strCellVal : 
excelData[0][2]=rautsumit
strCellVal : 
strCellVal : no
strCellVal : 
strCellVal : no
strCellVal : 
demo line
demo line2
Initilization Code Executed
***Launch Application*****
{username=rautsumit, password=rautsumit}
el value is Utilities.ElementUtil@61f6d381
Screenshot Path ISSSSSSS: H:\ProMSAutomation\reports\ExtentScreenshots\rautsumitcould not be entered in inutbox04-6-2020 01_13_50.png
]]></system-out>
    <system-err><![CDATA[Starting ChromeDriver 83.0.4103.39 (ccbf011cb2d2b19b506d844400483861342c20cd-refs/branch-heads/4103@{#416}) on port 28868
Only local connections are allowed.
Please see https://chromedriver.chromium.org/security-considerations for suggestions on keeping ChromeDriver safe.
ChromeDriver was started successfully.
Jun 04, 2020 1:12:47 AM org.openqa.selenium.remote.ProtocolHandshake createSession
INFO: Detected dialect: W3C
]]></system-err>
  </testcase>
  <testcase name="WT_Register" classname="WT_Testcases.WT_RegressionTest" time="41.257">
    <failure message="Failed with addFailLog method rautsumitcould not be entered in inutbox" type="java.lang.AssertionError">java.lang.AssertionError: Failed with addFailLog method rautsumitcould not be entered in inutbox
	at WT_Testcases.WT_RegressionTest.WT_Register(WT_RegressionTest.java:68)
</failure>
    <system-out><![CDATA[Inside aftermethod
Inside aftermethod
Screenshot Path ISSSSSSS: H:\ProMSAutomation\reports\ExtentScreenshots\Test Failed04-6-2020 01_13_51.png
Teardown Performed
strCellVal : Variable
strCellVal : Value
strCellVal : ApplicationName
strCellVal : WebTours
strCellVal : ApplicationEnvironment
strCellVal : UAT
strCellVal : SendTo
strCellVal : sshetty9@ra.rockwell.com
strCellVal : SendCC
strCellVal : 
strCellVal : Sprint
strCellVal : 0.0
strCellVal : LaunchReport
strCellVal : Yes
test case name is WT_Register
rowCount is 31
strCellVal : Prerequisite - Date Format - DD/MM/YYYY
tstName: Prerequisite - Date Format - DD/MM/YYYY0
strCellVal : AT_01_NewAccount
tstName: AT_01_NewAccount1
strCellVal : 
tstName: 2
strCellVal : 
tstName: 3
strCellVal : 
tstName: 4
strCellVal : 
tstName: 5
strCellVal : 
tstName: 6
strCellVal : 
tstName: 7
strCellVal : 
tstName: 8
strCellVal : 
tstName: 9
strCellVal : 
tstName: 10
strCellVal : 
tstName: 11
strCellVal : myCase
tstName: myCase12
strCellVal : 
tstName: 13
strCellVal : 
tstName: 14
strCellVal : 
tstName: 15
strCellVal : 
tstName: 16
strCellVal : 
tstName: 17
strCellVal : 
tstName: 18
strCellVal : myCase2
tstName: myCase219
strCellVal : 
tstName: 20
strCellVal : 
tstName: 21
strCellVal : 
tstName: 22
strCellVal : 
tstName: 23
strCellVal : 
tstName: 24
strCellVal : 
tstName: 25
strCellVal : WT_Register
tstName: WT_Register26
strCellVal : 
strCellVal : 
strCellVal : 
strCellVal : 
getDataRowCount returns4
strCellVal : 3.0
strCellVal : 3.0
strCellVal : WT_Register
strCellVal : WT_Register
strCellVal : Execute
strCellVal : Execute
strCellVal : username
strCellVal : username
strCellVal : username
strCellVal : password
strCellVal : password
strCellVal : password
strCellVal : type
strCellVal : type
strCellVal : type
strCellVal : passengers
strCellVal : passengers
strCellVal : passengers
strCellVal : departing_from
strCellVal : departing_from
strCellVal : departing_from
strCellVal : departing_month
strCellVal : departing_month
strCellVal : departing_month
strCellVal : departing_day
strCellVal : departing_day
strCellVal : departing_day
strCellVal : arriving_in
strCellVal : arriving_in
strCellVal : arriving_in
strCellVal : returning_month
strCellVal : returning_month
strCellVal : returning_month
strCellVal : returning_day
strCellVal : returning_day
strCellVal : returning_day
strCellVal : preferences
strCellVal : preferences
strCellVal : preferences
strCellVal : airline
strCellVal : airline
strCellVal : airline
strCellVal : 
strCellVal : 
getColCountForRow returns15
strCellVal : Yes
strCellVal : rautsumit
strCellVal : rautsumit
strCellVal : na
strCellVal : 2
strCellVal : London
strCellVal : June
strCellVal : 1
strCellVal : New yok 
strCellVal : 6
strCellVal : 3
strCellVal : Business class
strCellVal : Unified Airlines
strCellVal : 
strCellVal : 
strCellVal : 
strCellVal : 
strCellVal : 
strCellVal : 
strCellVal : 
strCellVal : 
strCellVal : 
strCellVal : 
strCellVal : 
strCellVal : 
strCellVal : 
strCellVal : no
strCellVal : rautsumit
strCellVal : rautsumit
strCellVal : na
strCellVal : 3
strCellVal : London
strCellVal : June
strCellVal : 1
strCellVal : New yok 
strCellVal : 6
strCellVal : 3
strCellVal : Business class
strCellVal : Unified Airlines
strCellVal : 
strCellVal : 
strCellVal : 
strCellVal : 
strCellVal : 
strCellVal : 
strCellVal : 
strCellVal : 
strCellVal : 
strCellVal : 
strCellVal : 
strCellVal : 
strCellVal : 
strCellVal : Yes
strCellVal : Yes
excelData[0][0]=Yes
strCellVal : rautsumit
strCellVal : 
excelData[0][1]=rautsumit
strCellVal : rautsumit
strCellVal : 
excelData[0][2]=rautsumit
strCellVal : na
strCellVal : 
excelData[0][3]=na
strCellVal : 2
strCellVal : 
excelData[0][4]=2
strCellVal : London
strCellVal : 
excelData[0][5]=London
strCellVal : June
strCellVal : 
excelData[0][6]=June
strCellVal : 1
strCellVal : 
excelData[0][7]=1
strCellVal : New yok 
strCellVal : 
excelData[0][8]=New yok 
strCellVal : 6
strCellVal : 
excelData[0][9]=6
strCellVal : 3
strCellVal : 
excelData[0][10]=3
strCellVal : Business class
strCellVal : 
excelData[0][11]=Business class
strCellVal : Unified Airlines
strCellVal : 
excelData[0][12]=Unified Airlines
strCellVal : 
strCellVal : no
strCellVal : 
demo line
demo line2
Initilization Code Executed
***Launch Application*****
{username=rautsumit, password=rautsumit, type=na, passengers=2, departing_from=London, departing_month=June, departing_day=1, arriving_in=New yok , returning_month=6, returning_day=3, preferences=Business class, airline=Unified Airlines}
el value is Utilities.ElementUtil@75e27856
Screenshot Path ISSSSSSS: H:\ProMSAutomation\reports\ExtentScreenshots\rautsumitcould not be entered in inutbox04-6-2020 01_15_08.png
]]></system-out>
    <system-err><![CDATA[Starting ChromeDriver 83.0.4103.39 (ccbf011cb2d2b19b506d844400483861342c20cd-refs/branch-heads/4103@{#416}) on port 5263
Only local connections are allowed.
Please see https://chromedriver.chromium.org/security-considerations for suggestions on keeping ChromeDriver safe.
ChromeDriver was started successfully.
Jun 04, 2020 1:13:55 AM org.openqa.selenium.remote.ProtocolHandshake createSession
INFO: Detected dialect: W3C
]]></system-err>
  </testcase>
  <testcase name="myCase" classname="WT_Testcases.WT_RegressionTest" time="41.292">
    <failure message="Failed with addFailLog method rautsumitcould not be entered in inutbox" type="java.lang.AssertionError">java.lang.AssertionError: Failed with addFailLog method rautsumitcould not be entered in inutbox
	at WT_Testcases.WT_RegressionTest.myCase(WT_RegressionTest.java:53)
</failure>
    <system-out><![CDATA[Inside aftermethod
Inside aftermethod
Screenshot Path ISSSSSSS: H:\ProMSAutomation\reports\ExtentScreenshots\Test Failed04-6-2020 01_15_09.png
Teardown Performed
strCellVal : Variable
strCellVal : Value
strCellVal : ApplicationName
strCellVal : WebTours
strCellVal : ApplicationEnvironment
strCellVal : UAT
strCellVal : SendTo
strCellVal : sshetty9@ra.rockwell.com
strCellVal : SendCC
strCellVal : 
strCellVal : Sprint
strCellVal : 0.0
strCellVal : LaunchReport
strCellVal : Yes
test case name is myCase
rowCount is 31
strCellVal : Prerequisite - Date Format - DD/MM/YYYY
tstName: Prerequisite - Date Format - DD/MM/YYYY0
strCellVal : AT_01_NewAccount
tstName: AT_01_NewAccount1
strCellVal : 
tstName: 2
strCellVal : 
tstName: 3
strCellVal : 
tstName: 4
strCellVal : 
tstName: 5
strCellVal : 
tstName: 6
strCellVal : 
tstName: 7
strCellVal : 
tstName: 8
strCellVal : 
tstName: 9
strCellVal : 
tstName: 10
strCellVal : 
tstName: 11
strCellVal : myCase
tstName: myCase12
strCellVal : 
strCellVal : 
strCellVal : 
strCellVal : 
strCellVal : 
strCellVal : 
strCellVal : myCase2
getDataRowCount returns6
strCellVal : 1.0
strCellVal : 1.0
strCellVal : myCase
strCellVal : myCase
strCellVal : Execute
strCellVal : Execute
strCellVal : username
strCellVal : username
strCellVal : username
strCellVal : password
strCellVal : password
strCellVal : password
strCellVal : 
strCellVal : 
getColCountForRow returns5
strCellVal : yes
strCellVal : rautsumit
strCellVal : rautsumit
strCellVal : 
strCellVal : 
strCellVal : 
strCellVal : no
strCellVal : rautsumit2
strCellVal : rautsumit
strCellVal : 
strCellVal : 
strCellVal : 
strCellVal : no
strCellVal : rautsumit
strCellVal : rautsumit
strCellVal : 
strCellVal : 
strCellVal : 
strCellVal : yes
strCellVal : yes
excelData[0][0]=yes
strCellVal : rautsumit
strCellVal : 
excelData[0][1]=rautsumit
strCellVal : rautsumit
strCellVal : 
excelData[0][2]=rautsumit
strCellVal : 
strCellVal : no
strCellVal : 
strCellVal : no
strCellVal : 
demo line
demo line2
Initilization Code Executed
***Launch Application*****
el value is Utilities.ElementUtil@1fedf0a4
Screenshot Path ISSSSSSS: H:\ProMSAutomation\reports\ExtentScreenshots\rautsumitcould not be entered in inutbox04-6-2020 01_16_20.png
]]></system-out>
    <system-err><![CDATA[Starting ChromeDriver 83.0.4103.39 (ccbf011cb2d2b19b506d844400483861342c20cd-refs/branch-heads/4103@{#416}) on port 24808
Only local connections are allowed.
Please see https://chromedriver.chromium.org/security-considerations for suggestions on keeping ChromeDriver safe.
ChromeDriver was started successfully.
Jun 04, 2020 1:15:13 AM org.openqa.selenium.remote.ProtocolHandshake createSession
INFO: Detected dialect: W3C
]]></system-err>
  </testcase>
</testsuite>