<?xml version="1.0" encoding="UTF-8"?>
<testsuite xmlns:xsi="http://www.w3.org/2001/XMLSchema-instance" xsi:noNamespaceSchemaLocation="https://maven.apache.org/surefire/maven-surefire-plugin/xsd/surefire-test-report-3.0.xsd" version="3.0" name="TestSuite" time="34.123" tests="1" errors="0" skipped="0" failures="1">
  <properties>
[...]
</properties>
  <testcase name="TC_VerifySAPQuoteFieldsInProMS" classname="scripts.ProMS.ProMSScenarios_Test" time="9.31">
    <failure message="chrome not reachable&#10;  (Session info: chrome=80.0.3987.149)&#10;Build info: version: &apos;3.9.1&apos;, revision: &apos;63f7b50&apos;, time: &apos;2018-02-07T22:25:02.294Z&apos;&#10;System info: host: &apos;APINMUM4TQHH92&apos;, ip: &apos;172.28.56.61&apos;, os.name: &apos;Windows 7&apos;, os.arch: &apos;amd64&apos;, os.version: &apos;6.1&apos;, java.version: &apos;1.8.0_221&apos;&#10;Driver info: org.openqa.selenium.chrome.ChromeDriver&#10;Capabilities {acceptInsecureCerts: false, browserName: chrome, browserVersion: 80.0.3987.149, chrome: {chromedriverVersion: 80.0.3987.106 (f68069574609..., userDataDir: C:\Users\Sshetty9\AppData\L...}, goog:chromeOptions: {debuggerAddress: localhost:49612}, javascriptEnabled: true, networkConnectionEnabled: false, pageLoadStrategy: normal, platform: WINDOWS, platformName: WINDOWS, proxy: Proxy(), setWindowRect: true, strictFileInteractability: false, timeouts: {implicit: 0, pageLoad: 300000, script: 30000}, unhandledPromptBehavior: dismiss and notify}&#10;Session ID: b7cf4886e741b3f5cd45c4f4b72dcf8b&#10;*** Element info: {Using=xpath, value=//input[@name=&apos;loginfmt&apos;]}" type="org.openqa.selenium.WebDriverException"><![CDATA[org.openqa.selenium.WebDriverException: 
chrome not reachable
  (Session info: chrome=80.0.3987.149)
Build info: version: '3.9.1', revision: '63f7b50', time: '2018-02-07T22:25:02.294Z'
System info: host: 'APINMUM4TQHH92', ip: '172.28.56.61', os.name: 'Windows 7', os.arch: 'amd64', os.version: '6.1', java.version: '1.8.0_221'
Driver info: org.openqa.selenium.chrome.ChromeDriver
Capabilities {acceptInsecureCerts: false, browserName: chrome, browserVersion: 80.0.3987.149, chrome: {chromedriverVersion: 80.0.3987.106 (f68069574609..., userDataDir: C:\Users\Sshetty9\AppData\L...}, goog:chromeOptions: {debuggerAddress: localhost:49612}, javascriptEnabled: true, networkConnectionEnabled: false, pageLoadStrategy: normal, platform: WINDOWS, platformName: WINDOWS, proxy: Proxy(), setWindowRect: true, strictFileInteractability: false, timeouts: {implicit: 0, pageLoad: 300000, script: 30000}, unhandledPromptBehavior: dismiss and notify}
Session ID: b7cf4886e741b3f5cd45c4f4b72dcf8b
*** Element info: {Using=xpath, value=//input[@name='loginfmt']}
	at scripts.ProMS.ProMSScenarios_Test.TC_VerifySAPQuoteFieldsInProMS(ProMSScenarios_Test.java:53)
]]></failure>
    <system-out><![CDATA[[TestRunner] Running the tests in 'Surefire test' with parallel mode:false
[RunInfo] Adding method selector: org.testng.internal.XmlMethodSelector@59a6e353 priority: 10
Exception is  : .\src\main\resources\objectRepo\Desktop2.properties (The system cannot find the path specified)
Exception is  : .\src\main\resources\objectRepo\Desktop2.properties (The system cannot find the path specified)
[TestClass] Creating TestClass for [ClassImpl class=scripts.DCRM.DCRMScenarios_Test]
[TestClass] Adding method DCRMScenarios_Test.TC_CreateOpportunity(java.lang.String, java.lang.String, java.lang.String, java.lang.String, java.lang.String, java.lang.String, java.lang.String, java.lang.String, java.lang.String, java.lang.String)[pri:0, instance:null] on TestClass class scripts.DCRM.DCRMScenarios_Test
[XmlMethodSelector] Including method utilities.launchReport()
[XmlMethodSelector] Including method scripts.DCRM.LaunchT2Q()
[XmlMethodSelector] Including method scripts.DCRM.BeforeMethod()
[XmlMethodSelector] Including method scripts.DCRM.afterMethod()
[TestClass] Creating TestClass for [ClassImpl class=scripts.ProMS.ProMSScenarios_Test]
[TestClass] Adding method ProMSScenarios_Test.TC_VerifySAPQuoteFieldsInProMS(java.lang.String, java.lang.String, java.lang.String, java.lang.String)[pri:0, instance:null] on TestClass class scripts.ProMS.ProMSScenarios_Test
[TestClass] Adding method ProMSScenarios_Test.TC_DACalculatorCSM(java.lang.String, java.lang.String, java.lang.String, java.lang.String, java.lang.String, java.lang.String, java.lang.String, java.lang.String, java.lang.String, java.lang.String, java.lang.String, java.lang.String, java.lang.String, java.lang.String, java.lang.String)[pri:0, instance:null] on TestClass class scripts.ProMS.ProMSScenarios_Test
[TestClass] Adding method ProMSScenarios_Test.TC_DACalculatorPCB(java.lang.String, java.lang.String, java.lang.String, java.lang.String, java.lang.String, java.lang.String, java.lang.String, java.lang.String, java.lang.String, java.lang.String, java.lang.String, java.lang.String, java.lang.String)[pri:0, instance:null] on TestClass class scripts.ProMS.ProMSScenarios_Test
[TestClass] Adding method ProMSScenarios_Test.TC_FixedPricedQuoteLost(java.lang.String, java.lang.String, java.lang.String, java.lang.String, java.lang.String, java.lang.String, java.lang.String, java.lang.String, java.lang.String, java.lang.String, java.lang.String, java.lang.String)[pri:0, instance:null] on TestClass class scripts.ProMS.ProMSScenarios_Test
[TestClass] Adding method ProMSScenarios_Test.TC_ProposalNewVersion(java.lang.String, java.lang.String, java.lang.String, java.lang.String, java.lang.String, java.lang.String, java.lang.String, java.lang.String, java.lang.String, java.lang.String, java.lang.String, java.lang.String, java.lang.String)[pri:0, instance:null] on TestClass class scripts.ProMS.ProMSScenarios_Test
[TestClass] Adding method ProMSScenarios_Test.TC_CreateOpportunity(java.lang.String, java.lang.String, java.lang.String, java.lang.String, java.lang.String, java.lang.String, java.lang.String, java.lang.String, java.lang.String, java.lang.String, java.lang.String, java.lang.String, java.lang.String, java.lang.String, java.lang.String, java.lang.String)[pri:0, instance:null] on TestClass class scripts.ProMS.ProMSScenarios_Test
[TestClass] Adding method ProMSScenarios_Test.TC_DACalculatorSSB(java.lang.String, java.lang.String, java.lang.String, java.lang.String, java.lang.String, java.lang.String, java.lang.String, java.lang.String, java.lang.String, java.lang.String, java.lang.String, java.lang.String, java.lang.String, java.lang.String, java.lang.String, java.lang.String)[pri:0, instance:null] on TestClass class scripts.ProMS.ProMSScenarios_Test
[TestClass] Adding method ProMSScenarios_Test.TC_FixedPricedQuote(java.lang.String, java.lang.String, java.lang.String, java.lang.String, java.lang.String, java.lang.String, java.lang.String, java.lang.String, java.lang.String, java.lang.String, java.lang.String, java.lang.String)[pri:0, instance:null] on TestClass class scripts.ProMS.ProMSScenarios_Test
[TestClass] Adding method ProMSScenarios_Test.TC_BudgetaryQuote(java.lang.String, java.lang.String, java.lang.String, java.lang.String, java.lang.String, java.lang.String, java.lang.String, java.lang.String, java.lang.String, java.lang.String, java.lang.String, java.lang.String)[pri:0, instance:null] on TestClass class scripts.ProMS.ProMSScenarios_Test
[TestClass] Adding method ProMSScenarios_Test.TC_PMRouting(java.lang.String, java.lang.String, java.lang.String, java.lang.String, java.lang.String, java.lang.String, java.lang.String, java.lang.String, java.lang.String, java.lang.String, java.lang.String)[pri:0, instance:null] on TestClass class scripts.ProMS.ProMSScenarios_Test
[XmlMethodSelector] Including method scripts.ProMS.LaunchT2Q()
[XmlMethodSelector] Including method scripts.ProMS.BeforeMethod()
[XmlMethodSelector] Including method scripts.ProMS.afterMethod()
[XmlMethodSelector] Including method scripts.DCRM.TC_CreateOpportunity()
[XmlMethodSelector] Including method scripts.ProMS.TC_VerifySAPQuoteFieldsInProMS()
[XmlMethodSelector] Including method scripts.ProMS.TC_DACalculatorCSM()
[XmlMethodSelector] Including method scripts.ProMS.TC_DACalculatorPCB()
[XmlMethodSelector] Including method scripts.ProMS.TC_FixedPricedQuoteLost()
[XmlMethodSelector] Including method scripts.ProMS.TC_ProposalNewVersion()
[XmlMethodSelector] Including method scripts.ProMS.TC_CreateOpportunity()
[XmlMethodSelector] Including method scripts.ProMS.TC_DACalculatorSSB()
[XmlMethodSelector] Including method scripts.ProMS.TC_FixedPricedQuote()
[XmlMethodSelector] Including method scripts.ProMS.TC_BudgetaryQuote()
[XmlMethodSelector] Including method scripts.ProMS.TC_PMRouting()
[TestNG] Running:
  Command line suite

[SuiteRunner] Created 1 TestRunners
[TestRunner] Running test Surefire test on 2  classes,  included groups:[] excluded groups:[]
===== Test class
scripts.DCRM.DCRMScenarios_Test
  @BeforeClass DCRMScenarios_Test.LaunchT2Q()[pri:0, instance:scripts.DCRM.DCRMScenarios_Test@3d74bf60]
  @BeforeMethod DCRMScenarios_Test.BeforeMethod(java.lang.reflect.Method)[pri:0, instance:scripts.DCRM.DCRMScenarios_Test@3d74bf60]
    @Test DCRMScenarios_Test.TC_CreateOpportunity(java.lang.String, java.lang.String, java.lang.String, java.lang.String, java.lang.String, java.lang.String, java.lang.String, java.lang.String, java.lang.String, java.lang.String)[pri:0, instance:scripts.DCRM.DCRMScenarios_Test@3d74bf60]
  @AfterMethod DCRMScenarios_Test.afterMethod(org.testng.ITestResult)[pri:0, instance:scripts.DCRM.DCRMScenarios_Test@3d74bf60]
======
===== Test class
scripts.ProMS.ProMSScenarios_Test
  @BeforeClass ProMSScenarios_Test.LaunchT2Q()[pri:0, instance:scripts.ProMS.ProMSScenarios_Test@4f209819]
  @BeforeMethod ProMSScenarios_Test.BeforeMethod(java.lang.reflect.Method)[pri:0, instance:scripts.ProMS.ProMSScenarios_Test@4f209819]
    @Test ProMSScenarios_Test.TC_VerifySAPQuoteFieldsInProMS(java.lang.String, java.lang.String, java.lang.String, java.lang.String)[pri:0, instance:scripts.ProMS.ProMSScenarios_Test@4f209819]
    @Test ProMSScenarios_Test.TC_DACalculatorCSM(java.lang.String, java.lang.String, java.lang.String, java.lang.String, java.lang.String, java.lang.String, java.lang.String, java.lang.String, java.lang.String, java.lang.String, java.lang.String, java.lang.String, java.lang.String, java.lang.String, java.lang.String)[pri:0, instance:scripts.ProMS.ProMSScenarios_Test@4f209819]
    @Test ProMSScenarios_Test.TC_DACalculatorPCB(java.lang.String, java.lang.String, java.lang.String, java.lang.String, java.lang.String, java.lang.String, java.lang.String, java.lang.String, java.lang.String, java.lang.String, java.lang.String, java.lang.String, java.lang.String)[pri:0, instance:scripts.ProMS.ProMSScenarios_Test@4f209819]
    @Test ProMSScenarios_Test.TC_FixedPricedQuoteLost(java.lang.String, java.lang.String, java.lang.String, java.lang.String, java.lang.String, java.lang.String, java.lang.String, java.lang.String, java.lang.String, java.lang.String, java.lang.String, java.lang.String)[pri:0, instance:scripts.ProMS.ProMSScenarios_Test@4f209819]
    @Test ProMSScenarios_Test.TC_ProposalNewVersion(java.lang.String, java.lang.String, java.lang.String, java.lang.String, java.lang.String, java.lang.String, java.lang.String, java.lang.String, java.lang.String, java.lang.String, java.lang.String, java.lang.String, java.lang.String)[pri:0, instance:scripts.ProMS.ProMSScenarios_Test@4f209819]
    @Test ProMSScenarios_Test.TC_CreateOpportunity(java.lang.String, java.lang.String, java.lang.String, java.lang.String, java.lang.String, java.lang.String, java.lang.String, java.lang.String, java.lang.String, java.lang.String, java.lang.String, java.lang.String, java.lang.String, java.lang.String, java.lang.String, java.lang.String)[pri:0, instance:scripts.ProMS.ProMSScenarios_Test@4f209819]
    @Test ProMSScenarios_Test.TC_DACalculatorSSB(java.lang.String, java.lang.String, java.lang.String, java.lang.String, java.lang.String, java.lang.String, java.lang.String, java.lang.String, java.lang.String, java.lang.String, java.lang.String, java.lang.String, java.lang.String, java.lang.String, java.lang.String, java.lang.String)[pri:0, instance:scripts.ProMS.ProMSScenarios_Test@4f209819]
    @Test ProMSScenarios_Test.TC_FixedPricedQuote(java.lang.String, java.lang.String, java.lang.String, java.lang.String, java.lang.String, java.lang.String, java.lang.String, java.lang.String, java.lang.String, java.lang.String, java.lang.String, java.lang.String)[pri:0, instance:scripts.ProMS.ProMSScenarios_Test@4f209819]
    @Test ProMSScenarios_Test.TC_BudgetaryQuote(java.lang.String, java.lang.String, java.lang.String, java.lang.String, java.lang.String, java.lang.String, java.lang.String, java.lang.String, java.lang.String, java.lang.String, java.lang.String, java.lang.String)[pri:0, instance:scripts.ProMS.ProMSScenarios_Test@4f209819]
    @Test ProMSScenarios_Test.TC_PMRouting(java.lang.String, java.lang.String, java.lang.String, java.lang.String, java.lang.String, java.lang.String, java.lang.String, java.lang.String, java.lang.String, java.lang.String, java.lang.String)[pri:0, instance:scripts.ProMS.ProMSScenarios_Test@4f209819]
  @AfterMethod ProMSScenarios_Test.afterMethod(org.testng.ITestResult)[pri:0, instance:scripts.ProMS.ProMSScenarios_Test@4f209819]
======
[TestNG] RUNNING: Suite: "Surefire test" containing "11" Tests (config: null)
[Invoker 422396878] Keeping method DCRMScenarios_Test.LaunchT2Q()[pri:0, instance:scripts.DCRM.DCRMScenarios_Test@3d74bf60] for class [TestClass name=class scripts.DCRM.DCRMScenarios_Test]
[Invoker 422396878] Invoking @BeforeClass DCRMScenarios_Test.LaunchT2Q()[pri:0, instance:scripts.DCRM.DCRMScenarios_Test@3d74bf60]
[TestNG] INVOKING CONFIGURATION: "Surefire test" - @BeforeClass scripts.DCRM.DCRMScenarios_Test.LaunchT2Q()
Start
[TestNG] PASSED CONFIGURATION: "Surefire test" - @BeforeClass scripts.DCRM.DCRMScenarios_Test.LaunchT2Q() finished in 481 ms
[Invoker 422396878] Keeping method DCRMScenarios_Test.BeforeMethod(java.lang.reflect.Method)[pri:0, instance:scripts.DCRM.DCRMScenarios_Test@3d74bf60] for class [TestClass name=class scripts.DCRM.DCRMScenarios_Test]
[Invoker 422396878] Keeping method DCRMScenarios_Test.afterMethod(org.testng.ITestResult)[pri:0, instance:scripts.DCRM.DCRMScenarios_Test@3d74bf60] for class [TestClass name=class scripts.DCRM.DCRMScenarios_Test]
[Invoker 422396878] Keeping method ProMSScenarios_Test.LaunchT2Q()[pri:0, instance:scripts.ProMS.ProMSScenarios_Test@4f209819] for class [TestClass name=class scripts.ProMS.ProMSScenarios_Test]
[Invoker 422396878] Invoking @BeforeClass ProMSScenarios_Test.LaunchT2Q()[pri:0, instance:scripts.ProMS.ProMSScenarios_Test@4f209819]
[TestNG] INVOKING CONFIGURATION: "Surefire test" - @BeforeClass scripts.ProMS.ProMSScenarios_Test.LaunchT2Q()
Start
[TestNG] PASSED CONFIGURATION: "Surefire test" - @BeforeClass scripts.ProMS.ProMSScenarios_Test.LaunchT2Q() finished in 6 ms
[Invoker 422396878] Keeping method ProMSScenarios_Test.BeforeMethod(java.lang.reflect.Method)[pri:0, instance:scripts.ProMS.ProMSScenarios_Test@4f209819] for class [TestClass name=class scripts.ProMS.ProMSScenarios_Test]
[Invoker 422396878] Keeping method ProMSScenarios_Test.afterMethod(org.testng.ITestResult)[pri:0, instance:scripts.ProMS.ProMSScenarios_Test@4f209819] for class [TestClass name=class scripts.ProMS.ProMSScenarios_Test]
[Invoker 422396878] Keeping method ProMSScenarios_Test.BeforeMethod(java.lang.reflect.Method)[pri:0, instance:scripts.ProMS.ProMSScenarios_Test@4f209819] for class [TestClass name=class scripts.ProMS.ProMSScenarios_Test]
[Invoker 422396878] Keeping method ProMSScenarios_Test.afterMethod(org.testng.ITestResult)[pri:0, instance:scripts.ProMS.ProMSScenarios_Test@4f209819] for class [TestClass name=class scripts.ProMS.ProMSScenarios_Test]
[Invoker 422396878] Keeping method ProMSScenarios_Test.BeforeMethod(java.lang.reflect.Method)[pri:0, instance:scripts.ProMS.ProMSScenarios_Test@4f209819] for class [TestClass name=class scripts.ProMS.ProMSScenarios_Test]
[Invoker 422396878] Keeping method ProMSScenarios_Test.afterMethod(org.testng.ITestResult)[pri:0, instance:scripts.ProMS.ProMSScenarios_Test@4f209819] for class [TestClass name=class scripts.ProMS.ProMSScenarios_Test]
[Invoker 422396878] Keeping method ProMSScenarios_Test.BeforeMethod(java.lang.reflect.Method)[pri:0, instance:scripts.ProMS.ProMSScenarios_Test@4f209819] for class [TestClass name=class scripts.ProMS.ProMSScenarios_Test]
[Invoker 422396878] Keeping method ProMSScenarios_Test.afterMethod(org.testng.ITestResult)[pri:0, instance:scripts.ProMS.ProMSScenarios_Test@4f209819] for class [TestClass name=class scripts.ProMS.ProMSScenarios_Test]
[Invoker 422396878] Keeping method ProMSScenarios_Test.BeforeMethod(java.lang.reflect.Method)[pri:0, instance:scripts.ProMS.ProMSScenarios_Test@4f209819] for class [TestClass name=class scripts.ProMS.ProMSScenarios_Test]
[Invoker 422396878] Keeping method ProMSScenarios_Test.afterMethod(org.testng.ITestResult)[pri:0, instance:scripts.ProMS.ProMSScenarios_Test@4f209819] for class [TestClass name=class scripts.ProMS.ProMSScenarios_Test]
[Invoker 422396878] Keeping method ProMSScenarios_Test.BeforeMethod(java.lang.reflect.Method)[pri:0, instance:scripts.ProMS.ProMSScenarios_Test@4f209819] for class [TestClass name=class scripts.ProMS.ProMSScenarios_Test]
[Invoker 422396878] Keeping method ProMSScenarios_Test.afterMethod(org.testng.ITestResult)[pri:0, instance:scripts.ProMS.ProMSScenarios_Test@4f209819] for class [TestClass name=class scripts.ProMS.ProMSScenarios_Test]
[Invoker 422396878] Keeping method ProMSScenarios_Test.BeforeMethod(java.lang.reflect.Method)[pri:0, instance:scripts.ProMS.ProMSScenarios_Test@4f209819] for class [TestClass name=class scripts.ProMS.ProMSScenarios_Test]
[Invoker 422396878] Keeping method ProMSScenarios_Test.afterMethod(org.testng.ITestResult)[pri:0, instance:scripts.ProMS.ProMSScenarios_Test@4f209819] for class [TestClass name=class scripts.ProMS.ProMSScenarios_Test]
[Invoker 422396878] Keeping method ProMSScenarios_Test.BeforeMethod(java.lang.reflect.Method)[pri:0, instance:scripts.ProMS.ProMSScenarios_Test@4f209819] for class [TestClass name=class scripts.ProMS.ProMSScenarios_Test]
[Invoker 422396878] Keeping method ProMSScenarios_Test.afterMethod(org.testng.ITestResult)[pri:0, instance:scripts.ProMS.ProMSScenarios_Test@4f209819] for class [TestClass name=class scripts.ProMS.ProMSScenarios_Test]
[Invoker 422396878] Keeping method ProMSScenarios_Test.BeforeMethod(java.lang.reflect.Method)[pri:0, instance:scripts.ProMS.ProMSScenarios_Test@4f209819] for class [TestClass name=class scripts.ProMS.ProMSScenarios_Test]
[Invoker 422396878] Keeping method ProMSScenarios_Test.afterMethod(org.testng.ITestResult)[pri:0, instance:scripts.ProMS.ProMSScenarios_Test@4f209819] for class [TestClass name=class scripts.ProMS.ProMSScenarios_Test]
[Invoker 422396878] Keeping method ProMSScenarios_Test.BeforeMethod(java.lang.reflect.Method)[pri:0, instance:scripts.ProMS.ProMSScenarios_Test@4f209819] for class [TestClass name=class scripts.ProMS.ProMSScenarios_Test]
[Invoker 422396878] Keeping method ProMSScenarios_Test.afterMethod(org.testng.ITestResult)[pri:0, instance:scripts.ProMS.ProMSScenarios_Test@4f209819] for class [TestClass name=class scripts.ProMS.ProMSScenarios_Test]
excelData[0][0]=Yes
excelData[0][1]=25315982
excelData[0][2]=5000
excelData[0][3]=10
[Invoker 422396878] Keeping method ProMSScenarios_Test.BeforeMethod(java.lang.reflect.Method)[pri:0, instance:scripts.ProMS.ProMSScenarios_Test@4f209819] for class [TestClass name=class scripts.ProMS.ProMSScenarios_Test]
[Invoker 422396878] Invoking @BeforeMethod ProMSScenarios_Test.BeforeMethod(java.lang.reflect.Method)[pri:0, instance:scripts.ProMS.ProMSScenarios_Test@4f209819]
[TestNG] INVOKING CONFIGURATION: "Surefire test" - @BeforeMethod scripts.ProMS.ProMSScenarios_Test.BeforeMethod(java.lang.reflect.Method)(value(s): public void scripts.ProMS.ProMSScenarios_Test.TC_VerifySAPQuoteFieldsInProMS(java.lang.String,java.lang.String,java.lang.String,java.lang.String) throws java.lang.InterruptedException,java.awt.AWTException,java.io.IOException)
***Launch Application*****
[TestNG] PASSED CONFIGURATION: "Surefire test" - @BeforeMethod scripts.ProMS.ProMSScenarios_Test.BeforeMethod(java.lang.reflect.Method)(value(s): public void scripts.ProMS.ProMSScenarios_Test.TC_VerifySAPQuoteFieldsInProMS(java.lang.String,java.lang.String,java.lang.String,java.lang.String) throws java.lang.InterruptedException,java.awt.AWTException,java.io.IOException) finished in 9193 ms
[TestNG] INVOKING: "Surefire test" - scripts.ProMS.ProMSScenarios_Test.TC_VerifySAPQuoteFieldsInProMS(java.lang.String, java.lang.String, java.lang.String, java.lang.String)(value(s): "Yes", "25315982", "5000", "10")
[Invoker 422396878] Invoking scripts.ProMS.ProMSScenarios_Test.TC_VerifySAPQuoteFieldsInProMS
Exception is  : .\src\main\resources\objectRepo\Desktop2.properties (The system cannot find the path specified)
]]></system-out>
    <system-err><![CDATA[SLF4J: Failed to load class "org.slf4j.impl.StaticLoggerBinder".
SLF4J: Defaulting to no-operation (NOP) logger implementation
SLF4J: See http://www.slf4j.org/codes.html#StaticLoggerBinder for further details.
Starting ChromeDriver 80.0.3987.106 (f68069574609230cf9b635cd784cfb1bf81bb53a-refs/branch-heads/3987@{#882}) on port 49005
Only local connections are allowed.
Please protect ports used by ChromeDriver and related test frameworks to prevent access by malicious code.
Apr 06, 2020 5:46:37 PM org.openqa.selenium.remote.ProtocolHandshake createSession
INFO: Detected dialect: W3C
[1586175398.897][SEVERE]: Unable to receive message from renderer
[1586175402.903][WARNING]: Timed out connecting to Chrome, retrying...
]]></system-err>
  </testcase>
</testsuite>