<?xml version="1.0" encoding="UTF-8"?>
<testng-results skipped="0" failed="0" ignored="1" total="7" passed="6">
  <reporter-output>
  </reporter-output>
  <suite name="Suite" duration-ms="111546" started-at="2020-06-02T02:03:47 IST" finished-at="2020-06-02T02:05:38 IST">
    <groups>
    </groups>
    <test name="Test" duration-ms="111546" started-at="2020-06-02T02:03:47 IST" finished-at="2020-06-02T02:05:38 IST">
      <class name="WT_Testcases.WT_RegressionTest2">
        <test-method status="PASS" signature="BeforeMethod()[pri:0, instance:WT_Testcases.WT_RegressionTest2@3bf7ca37]" name="BeforeMethod" is-config="true" duration-ms="17519" started-at="2020-06-02T02:04:29 IST" finished-at="2020-06-02T02:04:46 IST">
          <reporter-output>
          </reporter-output>
        </test-method> <!-- BeforeMethod -->
        <test-method status="PASS" signature="myCase(java.util.LinkedHashMap)[pri:0, instance:WT_Testcases.WT_RegressionTest2@3bf7ca37]" name="myCase" duration-ms="2528" started-at="2020-06-02T02:04:46 IST" data-provider="userData" finished-at="2020-06-02T02:04:49 IST">
          <params>
            <param index="0">
              <value>
                <![CDATA[{username=rautsumit, password=rautsumit}]]>
              </value>
            </param>
          </params>
          <reporter-output>
          </reporter-output>
        </test-method> <!-- myCase -->
        <test-method status="PASS" signature="afterMethod(org.testng.ITestResult)[pri:0, instance:WT_Testcases.WT_RegressionTest2@3bf7ca37]" name="afterMethod" is-config="true" duration-ms="875" started-at="2020-06-02T02:04:49 IST" finished-at="2020-06-02T02:04:50 IST">
          <params>
            <param index="0">
              <value>
                <![CDATA[[TestResult name=myCase status=SUCCESS method=WT_RegressionTest2.myCase(java.util.LinkedHashMap)[pri:0, instance:WT_Testcases.WT_RegressionTest2@3bf7ca37] output={null}]]]>
              </value>
            </param>
          </params>
          <reporter-output>
          </reporter-output>
        </test-method> <!-- afterMethod -->
        <test-method status="PASS" signature="BeforeMethod()[pri:0, instance:WT_Testcases.WT_RegressionTest2@3bf7ca37]" name="BeforeMethod" is-config="true" duration-ms="28777" started-at="2020-06-02T02:04:50 IST" finished-at="2020-06-02T02:05:19 IST">
          <reporter-output>
          </reporter-output>
        </test-method> <!-- BeforeMethod -->
        <test-method status="PASS" signature="myCase(java.util.LinkedHashMap)[pri:0, instance:WT_Testcases.WT_RegressionTest2@3bf7ca37]" name="myCase" duration-ms="2475" started-at="2020-06-02T02:05:19 IST" data-provider="userData" finished-at="2020-06-02T02:05:21 IST">
          <params>
            <param index="0">
              <value>
                <![CDATA[{username=rautsumit2, password=rautsumit}]]>
              </value>
            </param>
          </params>
          <reporter-output>
          </reporter-output>
        </test-method> <!-- myCase -->
        <test-method status="PASS" signature="afterMethod(org.testng.ITestResult)[pri:0, instance:WT_Testcases.WT_RegressionTest2@3bf7ca37]" name="afterMethod" is-config="true" duration-ms="890" started-at="2020-06-02T02:05:22 IST" finished-at="2020-06-02T02:05:23 IST">
          <params>
            <param index="0">
              <value>
                <![CDATA[[TestResult name=myCase status=SUCCESS method=WT_RegressionTest2.myCase(java.util.LinkedHashMap)[pri:0, instance:WT_Testcases.WT_RegressionTest2@3bf7ca37] output={null}]]]>
              </value>
            </param>
          </params>
          <reporter-output>
          </reporter-output>
        </test-method> <!-- afterMethod -->
        <test-method status="PASS" signature="BeforeMethod()[pri:0, instance:WT_Testcases.WT_RegressionTest2@3bf7ca37]" name="BeforeMethod" is-config="true" duration-ms="11906" started-at="2020-06-02T02:05:23 IST" finished-at="2020-06-02T02:05:34 IST">
          <reporter-output>
          </reporter-output>
        </test-method> <!-- BeforeMethod -->
        <test-method status="PASS" signature="myCase(java.util.LinkedHashMap)[pri:0, instance:WT_Testcases.WT_RegressionTest2@3bf7ca37]" name="myCase" duration-ms="2479" started-at="2020-06-02T02:05:34 IST" data-provider="userData" finished-at="2020-06-02T02:05:37 IST">
          <params>
            <param index="0">
              <value>
                <![CDATA[{username=rautsumit, password=rautsumit}]]>
              </value>
            </param>
          </params>
          <reporter-output>
          </reporter-output>
        </test-method> <!-- myCase -->
        <test-method status="PASS" signature="afterMethod(org.testng.ITestResult)[pri:0, instance:WT_Testcases.WT_RegressionTest2@3bf7ca37]" name="afterMethod" is-config="true" duration-ms="875" started-at="2020-06-02T02:05:37 IST" finished-at="2020-06-02T02:05:38 IST">
          <params>
            <param index="0">
              <value>
                <![CDATA[[TestResult name=myCase status=SUCCESS method=WT_RegressionTest2.myCase(java.util.LinkedHashMap)[pri:0, instance:WT_Testcases.WT_RegressionTest2@3bf7ca37] output={null}]]]>
              </value>
            </param>
          </params>
          <reporter-output>
          </reporter-output>
        </test-method> <!-- afterMethod -->
      </class> <!-- WT_Testcases.WT_RegressionTest2 -->
      <class name="WT_Testcases.WT_RegressionTest">
        <test-method status="PASS" signature="setExtent()[pri:0, instance:WT_Testcases.WT_RegressionTest@3c9754d8]" name="setExtent" is-config="true" duration-ms="188" started-at="2020-06-02T02:03:46 IST" finished-at="2020-06-02T02:03:47 IST">
          <reporter-output>
          </reporter-output>
        </test-method> <!-- setExtent -->
        <test-method status="PASS" signature="BeforeMethod()[pri:0, instance:WT_Testcases.WT_RegressionTest@3c9754d8]" name="BeforeMethod" is-config="true" duration-ms="12989" started-at="2020-06-02T02:03:47 IST" finished-at="2020-06-02T02:04:00 IST">
          <reporter-output>
          </reporter-output>
        </test-method> <!-- BeforeMethod -->
        <test-method status="PASS" signature="myCase(java.util.LinkedHashMap)[pri:0, instance:WT_Testcases.WT_RegressionTest@3c9754d8]" name="myCase" duration-ms="2594" started-at="2020-06-02T02:04:00 IST" data-provider="userData" finished-at="2020-06-02T02:04:03 IST">
          <params>
            <param index="0">
              <value>
                <![CDATA[{username=rautsumit, password=rautsumit}]]>
              </value>
            </param>
          </params>
          <reporter-output>
          </reporter-output>
        </test-method> <!-- myCase -->
        <test-method status="PASS" signature="afterMethod(org.testng.ITestResult)[pri:0, instance:WT_Testcases.WT_RegressionTest@3c9754d8]" name="afterMethod" is-config="true" duration-ms="1460" started-at="2020-06-02T02:04:03 IST" finished-at="2020-06-02T02:04:05 IST">
          <params>
            <param index="0">
              <value>
                <![CDATA[[TestResult name=myCase status=SUCCESS method=WT_RegressionTest.myCase(java.util.LinkedHashMap)[pri:0, instance:WT_Testcases.WT_RegressionTest@3c9754d8] output={null}]]]>
              </value>
            </param>
          </params>
          <reporter-output>
          </reporter-output>
        </test-method> <!-- afterMethod -->
        <test-method status="PASS" signature="BeforeMethod()[pri:0, instance:WT_Testcases.WT_RegressionTest@3c9754d8]" name="BeforeMethod" is-config="true" duration-ms="8749" started-at="2020-06-02T02:04:05 IST" finished-at="2020-06-02T02:04:13 IST">
          <reporter-output>
          </reporter-output>
        </test-method> <!-- BeforeMethod -->
        <test-method status="PASS" signature="myCase(java.util.LinkedHashMap)[pri:0, instance:WT_Testcases.WT_RegressionTest@3c9754d8]" name="myCase" duration-ms="2556" started-at="2020-06-02T02:04:13 IST" data-provider="userData" finished-at="2020-06-02T02:04:16 IST">
          <params>
            <param index="0">
              <value>
                <![CDATA[{username=rautsumit2, password=rautsumit}]]>
              </value>
            </param>
          </params>
          <reporter-output>
          </reporter-output>
        </test-method> <!-- myCase -->
        <test-method status="PASS" signature="afterMethod(org.testng.ITestResult)[pri:0, instance:WT_Testcases.WT_RegressionTest@3c9754d8]" name="afterMethod" is-config="true" duration-ms="907" started-at="2020-06-02T02:04:16 IST" finished-at="2020-06-02T02:04:17 IST">
          <params>
            <param index="0">
              <value>
                <![CDATA[[TestResult name=myCase status=SUCCESS method=WT_RegressionTest.myCase(java.util.LinkedHashMap)[pri:0, instance:WT_Testcases.WT_RegressionTest@3c9754d8] output={null}]]]>
              </value>
            </param>
          </params>
          <reporter-output>
          </reporter-output>
        </test-method> <!-- afterMethod -->
        <test-method status="PASS" signature="BeforeMethod()[pri:0, instance:WT_Testcases.WT_RegressionTest@3c9754d8]" name="BeforeMethod" is-config="true" duration-ms="7564" started-at="2020-06-02T02:04:17 IST" finished-at="2020-06-02T02:04:25 IST">
          <reporter-output>
          </reporter-output>
        </test-method> <!-- BeforeMethod -->
        <test-method status="PASS" signature="myCase(java.util.LinkedHashMap)[pri:0, instance:WT_Testcases.WT_RegressionTest@3c9754d8]" name="myCase" duration-ms="2480" started-at="2020-06-02T02:04:25 IST" data-provider="userData" finished-at="2020-06-02T02:04:27 IST">
          <params>
            <param index="0">
              <value>
                <![CDATA[{username=rautsumit, password=rautsumit}]]>
              </value>
            </param>
          </params>
          <reporter-output>
          </reporter-output>
        </test-method> <!-- myCase -->
        <test-method status="PASS" signature="afterMethod(org.testng.ITestResult)[pri:0, instance:WT_Testcases.WT_RegressionTest@3c9754d8]" name="afterMethod" is-config="true" duration-ms="938" started-at="2020-06-02T02:04:28 IST" finished-at="2020-06-02T02:04:29 IST">
          <params>
            <param index="0">
              <value>
                <![CDATA[[TestResult name=myCase status=SUCCESS method=WT_RegressionTest.myCase(java.util.LinkedHashMap)[pri:0, instance:WT_Testcases.WT_RegressionTest@3c9754d8] output={null}]]]>
              </value>
            </param>
          </params>
          <reporter-output>
          </reporter-output>
        </test-method> <!-- afterMethod -->
      </class> <!-- WT_Testcases.WT_RegressionTest -->
    </test> <!-- Test -->
  </suite> <!-- Suite -->
</testng-results>
