<?xml version="1.0" encoding="UTF-8"?>
<testng-results skipped="0" failed="0" ignored="0" total="2" passed="2">
  <reporter-output>
  </reporter-output>
  <suite name="Default suite" duration-ms="29574" started-at="2020-05-30T19:31:39 IST" finished-at="2020-05-30T19:32:09 IST">
    <groups>
    </groups>
    <test name="Default test" duration-ms="29574" started-at="2020-05-30T19:31:39 IST" finished-at="2020-05-30T19:32:09 IST">
      <class name="scripts.DCRM.DCRMScenarios_Test">
        <test-method status="PASS" signature="LaunchT2Q()[pri:0, instance:scripts.DCRM.DCRMScenarios_Test@49438269]" name="LaunchT2Q" is-config="true" duration-ms="188" started-at="2020-05-30T19:31:39 IST" finished-at="2020-05-30T19:31:39 IST">
          <reporter-output>
          </reporter-output>
        </test-method> <!-- LaunchT2Q -->
        <test-method status="PASS" signature="BeforeMethod(java.lang.reflect.Method)[pri:0, instance:scripts.DCRM.DCRMScenarios_Test@49438269]" name="BeforeMethod" is-config="true" duration-ms="7738" started-at="2020-05-30T19:31:39 IST" finished-at="2020-05-30T19:31:47 IST">
          <params>
            <param index="0">
              <value>
                <![CDATA[public void scripts.DCRM.DCRMScenarios_Test.myCase(java.lang.String,java.lang.String,java.lang.String)]]>
              </value>
            </param>
          </params>
          <reporter-output>
          </reporter-output>
        </test-method> <!-- BeforeMethod -->
        <test-method status="PASS" signature="myCase(java.lang.String, java.lang.String, java.lang.String)[pri:0, instance:scripts.DCRM.DCRMScenarios_Test@49438269]" name="myCase" duration-ms="7336" started-at="2020-05-30T19:31:47 IST" description="myCase" data-provider="userData" finished-at="2020-05-30T19:31:54 IST">
          <params>
            <param index="0">
              <value>
                <![CDATA[Yes]]>
              </value>
            </param>
            <param index="1">
              <value>
                <![CDATA[rautsumit]]>
              </value>
            </param>
            <param index="2">
              <value>
                <![CDATA[rautsumit]]>
              </value>
            </param>
          </params>
          <reporter-output>
          </reporter-output>
        </test-method> <!-- myCase -->
        <test-method status="PASS" signature="afterMethod(org.testng.ITestResult)[pri:0, instance:scripts.DCRM.DCRMScenarios_Test@49438269]" name="afterMethod" is-config="true" duration-ms="14" started-at="2020-05-30T19:31:54 IST" finished-at="2020-05-30T19:31:54 IST">
          <params>
            <param index="0">
              <value>
                <![CDATA[[TestResult name=myCase status=SUCCESS method=DCRMScenarios_Test.myCase(java.lang.String, java.lang.String, java.lang.String)[pri:0, instance:scripts.DCRM.DCRMScenarios_Test@49438269] output={null}]]]>
              </value>
            </param>
          </params>
          <reporter-output>
          </reporter-output>
        </test-method> <!-- afterMethod -->
        <test-method status="PASS" signature="BeforeMethod(java.lang.reflect.Method)[pri:0, instance:scripts.DCRM.DCRMScenarios_Test@49438269]" name="BeforeMethod" is-config="true" duration-ms="6139" started-at="2020-05-30T19:31:54 IST" finished-at="2020-05-30T19:32:00 IST">
          <params>
            <param index="0">
              <value>
                <![CDATA[public void scripts.DCRM.DCRMScenarios_Test.myCase(java.lang.String,java.lang.String,java.lang.String)]]>
              </value>
            </param>
          </params>
          <reporter-output>
          </reporter-output>
        </test-method> <!-- BeforeMethod -->
        <test-method status="PASS" signature="myCase(java.lang.String, java.lang.String, java.lang.String)[pri:0, instance:scripts.DCRM.DCRMScenarios_Test@49438269]" name="myCase" duration-ms="8064" started-at="2020-05-30T19:32:00 IST" description="myCase" data-provider="userData" finished-at="2020-05-30T19:32:08 IST">
          <params>
            <param index="0">
              <value>
                <![CDATA[Yes]]>
              </value>
            </param>
            <param index="1">
              <value>
                <![CDATA[rautsumit]]>
              </value>
            </param>
            <param index="2">
              <value>
                <![CDATA[rautsumit]]>
              </value>
            </param>
          </params>
          <reporter-output>
          </reporter-output>
        </test-method> <!-- myCase -->
        <test-method status="PASS" signature="afterMethod(org.testng.ITestResult)[pri:0, instance:scripts.DCRM.DCRMScenarios_Test@49438269]" name="afterMethod" is-config="true" duration-ms="1" started-at="2020-05-30T19:32:08 IST" finished-at="2020-05-30T19:32:08 IST">
          <params>
            <param index="0">
              <value>
                <![CDATA[[TestResult name=myCase status=SUCCESS method=DCRMScenarios_Test.myCase(java.lang.String, java.lang.String, java.lang.String)[pri:0, instance:scripts.DCRM.DCRMScenarios_Test@49438269] output={null}]]]>
              </value>
            </param>
          </params>
          <reporter-output>
          </reporter-output>
        </test-method> <!-- afterMethod -->
        <test-method status="FAIL" signature="launchReport()[pri:0, instance:scripts.DCRM.DCRMScenarios_Test@49438269]" name="launchReport" is-config="true" duration-ms="33" started-at="2020-05-30T19:32:09 IST" finished-at="2020-05-30T19:32:09 IST">
          <exception class="org.apache.commons.mail.EmailException">
            <message>
              <![CDATA[Cannot attach file "./reports/SummaryReport_30-May-2020 19-31/TestSummary.html"]]>
            </message>
            <full-stacktrace>
              <![CDATA[org.apache.commons.mail.EmailException: Cannot attach file "./reports/SummaryReport_30-May-2020 19-31/TestSummary.html"
at org.apache.commons.mail.MultiPartEmail.attach(MultiPartEmail.java:304)
at utilities.ExtentReportHtml.sendMail(ExtentReportHtml.java:161)
at utilities.ExtentReportHtml.launchReport(ExtentReportHtml.java:170)
at sun.reflect.NativeMethodAccessorImpl.invoke0(Native Method)
at sun.reflect.NativeMethodAccessorImpl.invoke(NativeMethodAccessorImpl.java:62)
at sun.reflect.DelegatingMethodAccessorImpl.invoke(DelegatingMethodAccessorImpl.java:43)
at java.lang.reflect.Method.invoke(Method.java:498)
at org.testng.internal.MethodInvocationHelper.invokeMethod(MethodInvocationHelper.java:135)
at org.testng.internal.MethodInvocationHelper.invokeMethodConsideringTimeout(MethodInvocationHelper.java:64)
at org.testng.internal.ConfigInvoker.invokeConfigurationMethod(ConfigInvoker.java:364)
at org.testng.internal.ConfigInvoker.invokeConfigurations(ConfigInvoker.java:318)
at org.testng.SuiteRunner.privateRun(SuiteRunner.java:351)
at org.testng.SuiteRunner.run(SuiteRunner.java:286)
at org.testng.SuiteRunnerWorker.runSuite(SuiteRunnerWorker.java:53)
at org.testng.SuiteRunnerWorker.run(SuiteRunnerWorker.java:96)
at org.testng.TestNG.runSuitesSequentially(TestNG.java:1214)
at org.testng.TestNG.runSuitesLocally(TestNG.java:1136)
at org.testng.TestNG.runSuites(TestNG.java:1066)
at org.testng.TestNG.run(TestNG.java:1034)
at org.testng.remote.AbstractRemoteTestNG.run(AbstractRemoteTestNG.java:115)
at org.testng.remote.RemoteTestNG.initAndRun(RemoteTestNG.java:251)
at org.testng.remote.RemoteTestNG.main(RemoteTestNG.java:77)
Caused by: java.io.IOException: "./reports/SummaryReport_30-May-2020 19-31/TestSummary.html" does not exist
at org.apache.commons.mail.MultiPartEmail.attach(MultiPartEmail.java:292)
... 21 more
]]>
            </full-stacktrace>
          </exception> <!-- org.apache.commons.mail.EmailException -->
          <reporter-output>
          </reporter-output>
        </test-method> <!-- launchReport -->
      </class> <!-- scripts.DCRM.DCRMScenarios_Test -->
    </test> <!-- Default test -->
  </suite> <!-- Default suite -->
</testng-results>
